<?xml version="1.0" encoding="UTF-8"?>
<!-- Generated by org.testng.reporters.JUnitReportReporter -->
<testsuite hostname="user" failures="0" tests="1" name="TechCrunchSearchTest" time="17.346" errors="0" timestamp="2024-08-02T13:06:38 PDT" skipped="0">
  <testcase classname="TechCrunchSearchTest" name="verifySearchFunctionality" time="17.346"/>
</testsuite> <!-- TechCrunchSearchTest -->
